<?xml version="1.0" encoding="UTF-8"?><features version="1">
    <feature name="Approve" path="src\test\resources\F1\test_1001.feature" started="1678806460349" tag="">
        <file>
            <![CDATA[#Auto generated Octane revision tag
Feature: Approve


	Scenario: ApproveScenario1
		Given numberOdd
		When one
		Then one

	Scenario: Approve2222
		Given numberEven
		When three
		Then three

	Scenario Outline: Online
		Given all
		When  <param2>
		Then <param1>

	Examples:
		| param1 | param2 |
		| 2      | 4      |
		| 4      | 8      |
		| 2      | 2      |
		| 3      | 6      |

]]>
        </file>
        <scenarios>
            <scenario name="ApproveScenario1">
                <steps>
                    <step duration="2769900" name="Given numberOdd" status="passed"/>
                    <step duration="134400" name="When one" status="passed"/>
                    <step duration="66400" name="Then one" status="passed"/>
                </steps>
            </scenario>
            <scenario name="Approve2222">
                <steps>
                    <step duration="125800" name="Given numberEven" status="passed"/>
                    <step duration="68200" name="When three" status="passed"/>
                    <step duration="51300" name="Then three" status="passed"/>
                </steps>
            </scenario>
            <scenario name="Online" outlineIndex="1">
                <steps>
                    <step duration="2532500" name="Given all" status="passed"/>
                    <step duration="1142400" name="When 4" status="passed"/>
                    <step duration="184600" name="Then 2" status="passed"/>
                </steps>
            </scenario>
            <scenario name="Online" outlineIndex="2">
                <steps>
                    <step duration="109800" name="Given all" status="passed"/>
                    <step duration="157900" name="When 8" status="passed"/>
                    <step duration="131400" name="Then 4" status="passed"/>
                </steps>
            </scenario>
            <scenario name="Online" outlineIndex="3">
                <steps>
                    <step duration="101300" name="Given all" status="passed"/>
                    <step duration="142700" name="When 2" status="passed"/>
                    <step duration="157000" name="Then 2" status="passed"/>
                </steps>
            </scenario>
            <scenario name="Online" outlineIndex="4">
                <steps>
                    <step duration="108900" name="Given all" status="passed"/>
                    <step duration="107100" name="When 6" status="passed"/>
                    <step duration="1870500" name="Then 3" status="failed">
                        <error_message>
                            <![CDATA[java.lang.AssertionError: expected:<1> but was:<2>
	at org.junit.Assert.fail(Assert.java:88)
	at org.junit.Assert.failNotEquals(Assert.java:834)
	at org.junit.Assert.assertEquals(Assert.java:645)
	at org.junit.Assert.assertEquals(Assert.java:631)
	at MyStepdefs.some(MyStepdefs.java:29)
	at âœ½.3(file:src/test/resources/F1/test_1001.feature:18)
]]>
                        </error_message>
                    </step>
                </steps>
            </scenario>
        </scenarios>
    </feature>
</features>
